[16:19:47] Working directory changed to /home/teal/svnPackage
[16:19:47] Using gulpfile /home/teal/svnPackage/gulpfile.js
[16:19:47] Starting 'default'...
in default
tobe build file [ '/home/teal/svnPackage/package-export/node-cps-pc--20170512161904/jm/jumi-node-cps-pc/public/js/core/trial-insure.js',
  '/home/teal/svnPackage/package-export/node-cps-pc--20170512161904/jm/jumi-node-cps-pc/public/js/require.config.js' ]
uglify:js /home/teal/svnPackage/package-export/node-cps-pc--20170512161904/jm/jumi-node-cps-pc/public/js/core/trial-insure.js
gulp uglify:js --singlefilepath=/home/teal/svnPackage/package-export/node-cps-pc--20170512161904/jm/jumi-node-cps-pc/public/js/core/trial-insure.js
uglify:js /home/teal/svnPackage/package-export/node-cps-pc--20170512161904/jm/jumi-node-cps-pc/public/js/require.config.js
gulp uglify:js --singlefilepath=/home/teal/svnPackage/package-export/node-cps-pc--20170512161904/jm/jumi-node-cps-pc/public/js/require.config.js
[16:19:47] Finished 'default' after 2.51 ms
[17:23:52] Working directory changed to /home/teal/svnPackage
[17:23:53] Using gulpfile /home/teal/svnPackage/gulpfile.js
[17:23:53] Starting 'default'...
in default
tobe build file [ '/home/teal/svnPackage/package-export/node-cps-pc--20170512172311/jm/jumi-node-cps-pc/public/js/core/trial-insure.js',
  '/home/teal/svnPackage/package-export/node-cps-pc--20170512172311/jm/jumi-node-cps-pc/public/js/require.config.js' ]
uglify:js /home/teal/svnPackage/package-export/node-cps-pc--20170512172311/jm/jumi-node-cps-pc/public/js/core/trial-insure.js
gulp uglify:js --singlefilepath=/home/teal/svnPackage/package-export/node-cps-pc--20170512172311/jm/jumi-node-cps-pc/public/js/core/trial-insure.js
[17:25:27] Working directory changed to /home/teal/svnPackage
[17:25:28] Using gulpfile /home/teal/svnPackage/gulpfile.js
[17:25:28] Starting 'default'...
in default
tobe build file [ '/home/teal/svnPackage/package-export/node-cps-pc--20170512172514/jm/jumi-node-cps-pc/public/js/core/trial-insure.js',
  '/home/teal/svnPackage/package-export/node-cps-pc--20170512172514/jm/jumi-node-cps-pc/public/js/require.config.js' ]
uglify:js /home/teal/svnPackage/package-export/node-cps-pc--20170512172514/jm/jumi-node-cps-pc/public/js/core/trial-insure.js
gulp uglify:js --singlefilepath=/home/teal/svnPackage/package-export/node-cps-pc--20170512172514/jm/jumi-node-cps-pc/public/js/core/trial-insure.js
[17:25:46] Working directory changed to /home/teal/svnPackage
[17:25:47] Using gulpfile /home/teal/svnPackage/gulpfile.js
[17:25:47] Starting 'default'...
in default
[17:26:50] Working directory changed to /home/teal/svnPackage
[17:26:50] Using gulpfile /home/teal/svnPackage/gulpfile.js
[17:26:50] Starting 'default'...
in default
tobe build file [ '/home/teal/svnPackage/package-export/node-cps-pc--20170512172622/jm/jumi-node-cps-pc/public/js/core/trial-insure.js',
  '/home/teal/svnPackage/package-export/node-cps-pc--20170512172622/jm/jumi-node-cps-pc/public/js/require.config.js' ]
uglify:js /home/teal/svnPackage/package-export/node-cps-pc--20170512172622/jm/jumi-node-cps-pc/public/js/core/trial-insure.js
gulp uglify:js --singlefilepath=/home/teal/svnPackage/package-export/node-cps-pc--20170512172622/jm/jumi-node-cps-pc/public/js/core/trial-insure.js
[17:27:09] Working directory changed to /home/teal/svnPackage
[17:27:10] Using gulpfile /home/teal/svnPackage/gulpfile.js
[17:27:10] Starting 'default'...
in default
tobe build file [ '/home/teal/svnPackage/package-export/node-cps-pc--20170512172729/jm/jumi-node-cps-pc/public/js/core/trial-insure.js',
  '/home/teal/svnPackage/package-export/node-cps-pc--20170512172729/jm/jumi-node-cps-pc/public/js/require.config.js' ]
uglify:js /home/teal/svnPackage/package-export/node-cps-pc--20170512172729/jm/jumi-node-cps-pc/public/js/core/trial-insure.js
gulp uglify:js --singlefilepath=/home/teal/svnPackage/package-export/node-cps-pc--20170512172729/jm/jumi-node-cps-pc/public/js/core/trial-insure.js
[17:28:59] Working directory changed to /home/teal/svnPackage
[17:34:34] Working directory changed to /home/teal/svnPackage
[17:34:59] Working directory changed to /home/teal/svnPackage
[17:35:00] Using gulpfile /home/teal/svnPackage/gulpfile.js
[17:35:00] Starting 'default'...
in default
tobe build file [ '/home/teal/svnPackage/package-export/m.jumi18.com--20170512173489/jm/m.jumi18.com/html/huodong/2017jszy/images/main1.jpg' ]
[17:35:00] Finished 'default' after 2.1 ms
[17:41:24] Using gulpfile /home/teal/svnPackage/gulpfile.js
[17:41:24] Starting 'default'...
in default
tobe build file [ '/home/teal/svnPackage/package-export/node-cps-pc--20170512173407/jm/jumi-node-cps-pc/public/js/require.config.js' ]
uglify:js /home/teal/svnPackage/package-export/node-cps-pc--20170512173407/jm/jumi-node-cps-pc/public/js/require.config.js
gulp uglify:js --singlefilepath=/home/teal/svnPackage/package-export/node-cps-pc--20170512173407/jm/jumi-node-cps-pc/public/js/require.config.js
[17:41:25] Finished 'default' after 1.12 s
[17:42:31] Using gulpfile /home/teal/svnPackage/gulpfile.js
[17:42:31] Starting 'default'...
in default
tobe build file [ '/home/teal/svnPackage/package-export/node-cps-pc--20170512173407/jm/jumi-node-cps-pc/public/js/core/trial-insure.js' ]
uglify:js /home/teal/svnPackage/package-export/node-cps-pc--20170512173407/jm/jumi-node-cps-pc/public/js/core/trial-insure.js
gulp uglify:js --singlefilepath=/home/teal/svnPackage/package-export/node-cps-pc--20170512173407/jm/jumi-node-cps-pc/public/js/core/trial-insure.js
[17:42:33] Finished 'default' after 2.4 s
