[2016-08-09T14:35:57+0800] [info] - start[1470724557930] time[44] tag[rpc#PortalSaleFacade.getPlanInsuredBaseNum]
[2016-08-09T14:35:58+0800] [info] - start[1470724557923] time[82] tag[rpc#HomePageProviderFacade.getOperatePictures]
[2016-08-09T14:35:58+0800] [info] - start[1470724557929] time[78] tag[rpc#HomePageProviderFacade.getRecommendNews]
[2016-08-09T14:35:58+0800] [info] - start[1470724557930] time[101] tag[rpc#HomePageProviderFacade.getFriendlyLink]
[2016-08-09T14:35:58+0800] [info] - start[1470724558035] time[134] tag[rpc#ProductFacade.getCategoryTree]
[2016-08-09T14:35:58+0800] [info] - start[1470724557917] time[308] tag[http#GET-/]
[2016-08-09T14:35:58+0800] [info] - start[1470724558321] time[8] tag[http#GET-/stylesheets/src/index.css]
[2016-08-09T14:35:58+0800] [info] - start[1470724558330] time[6] tag[http#GET-/javascripts/src/config/requirejs-config.js]
[2016-08-09T14:35:58+0800] [info] - start[1470724558436] time[4] tag[http#GET-/javascripts/src/com/main.js]
[2016-08-09T14:35:58+0800] [info] - start[1470724558437] time[5] tag[http#GET-/javascripts/src/home/index.js]
[2016-08-09T14:35:58+0800] [info] - start[1470724558560] time[3] tag[rpc#ProductFacade.getCategoryTree]
[2016-08-09T14:35:58+0800] [info] - start[1470724558558] time[21] tag[http#GET-/Home/SaveUtm]
[2016-08-09T14:35:58+0800] [info] - start[1470724558591] time[2] tag[http#GET-/javascripts/src/com/jquery-plugins.js]
[2016-08-09T14:35:58+0800] [info] - start[1470724558787] time[2] tag[http#GET-/javascripts/src/plugins/sub-menu.js]
[2016-08-09T14:35:58+0800] [info] - start[1470724558797] time[2] tag[http#GET-/javascripts/src/plugins/top-menu.js]
[2016-08-09T14:35:58+0800] [info] - start[1470724558859] time[2] tag[http#GET-/javascripts/src/plugins/fixed-tool-float.js]
[2016-08-09T14:35:58+0800] [info] - start[1470724558871] time[5] tag[http#GET-/javascripts/src/com/helper.js]
[2016-08-09T14:35:58+0800] [info] - start[1470724558915] time[3] tag[http#GET-/html/public/top-menu.html]
[2016-08-09T14:35:58+0800] [info] - start[1470724558927] time[2] tag[http#GET-/html/product/fixed-tool-float.html]
[2016-08-09T14:35:58+0800] [info] - start[1470724558953] time[8] tag[http#GET-/api/users/islogin]
[2016-08-09T14:35:58+0800] [info] - start[1470724558981] time[3] tag[http#GET-/api/shopping-cart/list]
[2016-08-09T14:36:06+0800] [info] - start[1470724566272] time[20] tag[rpc#HomePageProviderFacade.getOperatePictures]
[2016-08-09T14:36:06+0800] [info] - start[1470724566278] time[16] tag[rpc#PortalSaleFacade.getPlanInsuredBaseNum]
[2016-08-09T14:36:06+0800] [info] - start[1470724566275] time[29] tag[rpc#HomePageProviderFacade.getRecommendNews]
[2016-08-09T14:36:06+0800] [info] - start[1470724566276] time[70] tag[rpc#HomePageProviderFacade.getFriendlyLink]
[2016-08-09T14:36:06+0800] [info] - start[1470724566348] time[4] tag[rpc#ProductFacade.getCategoryTree]
[2016-08-09T14:36:06+0800] [info] - start[1470724566269] time[109] tag[http#GET-/]
[2016-08-09T14:36:06+0800] [info] - start[1470724566463] time[7] tag[http#GET-/stylesheets/src/index.css]
[2016-08-09T14:36:06+0800] [info] - start[1470724566473] time[3] tag[http#GET-/javascripts/src/config/requirejs-config.js]
[2016-08-09T14:36:06+0800] [info] - start[1470724566591] time[2] tag[http#GET-/javascripts/src/com/main.js]
[2016-08-09T14:36:06+0800] [info] - start[1470724566605] time[2] tag[http#GET-/javascripts/src/home/index.js]
[2016-08-09T14:36:06+0800] [info] - start[1470724566663] time[2] tag[rpc#ProductFacade.getCategoryTree]
[2016-08-09T14:36:06+0800] [info] - start[1470724566660] time[18] tag[http#GET-/Home/SaveUtm]
[2016-08-09T14:36:06+0800] [info] - start[1470724566693] time[1] tag[http#GET-/javascripts/src/com/jquery-plugins.js]
[2016-08-09T14:36:06+0800] [info] - start[1470724566806] time[1] tag[http#GET-/javascripts/src/plugins/sub-menu.js]
[2016-08-09T14:36:06+0800] [info] - start[1470724566816] time[6] tag[http#GET-/javascripts/src/plugins/top-menu.js]
[2016-08-09T14:36:06+0800] [info] - start[1470724566876] time[2] tag[http#GET-/javascripts/src/plugins/fixed-tool-float.js]
[2016-08-09T14:36:06+0800] [info] - start[1470724566889] time[1] tag[http#GET-/javascripts/src/com/helper.js]
[2016-08-09T14:36:06+0800] [info] - start[1470724566921] time[2] tag[http#GET-/html/public/top-menu.html]
[2016-08-09T14:36:06+0800] [info] - start[1470724566924] time[4] tag[http#GET-/html/product/fixed-tool-float.html]
[2016-08-09T14:36:06+0800] [info] - start[1470724566963] time[2] tag[http#GET-/api/users/islogin]
[2016-08-09T14:36:06+0800] [info] - start[1470724566981] time[1] tag[http#GET-/api/shopping-cart/list]
[2016-08-09T14:46:52+0800] [info] - start[1470725212460] time[18] tag[rpc#HomePageProviderFacade.getOperatePictures]
[2016-08-09T14:46:52+0800] [info] - start[1470725212464] time[23] tag[rpc#PortalSaleFacade.getPlanInsuredBaseNum]
[2016-08-09T14:46:56+0800] [info] - start[1470725212458] time[4482] tag[http#GET-/]
[2016-08-09T14:46:56+0800] [info] - start[1470725216951] time[19] tag[rpc#HomePageProviderFacade.getOperatePictures]
[2016-08-09T14:46:56+0800] [info] - start[1470725216958] time[15] tag[rpc#PortalSaleFacade.getPlanInsuredBaseNum]
[2016-08-09T14:46:57+0800] [info] - start[1470725212461] time[5012] tag[rpc#HomePageProviderFacade.getRecommendNews]
[2016-08-09T14:46:57+0800] [info] - start[1470725216952] time[527] tag[rpc#HomePageProviderFacade.getRecommendNews]
[2016-08-09T14:46:57+0800] [info] - start[1470725212463] time[5419] tag[rpc#HomePageProviderFacade.getFriendlyLink]
[2016-08-09T14:46:57+0800] [info] - start[1470725216954] time[941] tag[rpc#HomePageProviderFacade.getFriendlyLink]
[2016-08-09T14:46:57+0800] [info] - start[1470725217906] time[43] tag[rpc#ProductFacade.getCategoryTree]
[2016-08-09T14:46:57+0800] [info] - start[1470725217910] time[70] tag[rpc#ProductFacade.getCategoryTree]
[2016-08-09T14:46:57+0800] [info] - start[1470725216950] time[1048] tag[http#GET-/]
[2016-08-09T14:46:58+0800] [info] - start[1470725218087] time[3] tag[http#GET-/stylesheets/src/index.css]
[2016-08-09T14:46:58+0800] [info] - start[1470725218114] time[3] tag[http#GET-/javascripts/src/config/requirejs-config.js]
[2016-08-09T14:46:58+0800] [info] - start[1470725218226] time[2] tag[http#GET-/javascripts/src/com/main.js]
[2016-08-09T14:46:58+0800] [info] - start[1470725218227] time[2] tag[http#GET-/javascripts/src/home/index.js]
[2016-08-09T14:46:58+0800] [info] - start[1470725218316] time[2] tag[rpc#ProductFacade.getCategoryTree]
[2016-08-09T14:46:58+0800] [info] - start[1470725218314] time[16] tag[http#GET-/Home/SaveUtm]
[2016-08-09T14:46:58+0800] [info] - start[1470725218343] time[2] tag[http#GET-/javascripts/src/com/jquery-plugins.js]
[2016-08-09T14:46:58+0800] [info] - start[1470725218455] time[2] tag[http#GET-/javascripts/src/plugins/sub-menu.js]
[2016-08-09T14:46:58+0800] [info] - start[1470725218456] time[2] tag[http#GET-/javascripts/src/plugins/top-menu.js]
[2016-08-09T14:46:58+0800] [info] - start[1470725218539] time[3] tag[http#GET-/javascripts/src/com/helper.js]
[2016-08-09T14:46:58+0800] [info] - start[1470725218595] time[5] tag[http#GET-/javascripts/src/plugins/fixed-tool-float.js]
[2016-08-09T14:46:58+0800] [info] - start[1470725218645] time[1] tag[http#GET-/html/public/top-menu.html]
[2016-08-09T14:46:58+0800] [info] - start[1470725218647] time[1] tag[http#GET-/html/product/fixed-tool-float.html]
[2016-08-09T14:46:58+0800] [info] - start[1470725218661] time[2] tag[http#GET-/favicon.ico]
[2016-08-09T14:46:58+0800] [info] - start[1470725218694] time[3] tag[http#GET-/api/users/islogin]
[2016-08-09T14:46:58+0800] [info] - start[1470725218725] time[2] tag[http#GET-/api/shopping-cart/list]
[2016-08-09T14:46:59+0800] [info] - start[1470725219242] time[22] tag[rpc#HomePageProviderFacade.getOperatePictures]
[2016-08-09T14:46:59+0800] [info] - start[1470725219249] time[20] tag[rpc#PortalSaleFacade.getPlanInsuredBaseNum]
[2016-08-09T14:46:59+0800] [info] - start[1470725219244] time[27] tag[rpc#HomePageProviderFacade.getRecommendNews]
[2016-08-09T14:46:59+0800] [info] - start[1470725219245] time[544] tag[rpc#HomePageProviderFacade.getFriendlyLink]
[2016-08-09T14:46:59+0800] [info] - start[1470725219792] time[3] tag[rpc#ProductFacade.getCategoryTree]
[2016-08-09T14:46:59+0800] [info] - start[1470725219240] time[591] tag[http#GET-/]
[2016-08-09T14:46:59+0800] [info] - start[1470725219920] time[4] tag[http#GET-/stylesheets/src/index.css]
[2016-08-09T14:46:59+0800] [info] - start[1470725219931] time[4] tag[http#GET-/javascripts/src/config/requirejs-config.js]
[2016-08-09T14:47:00+0800] [info] - start[1470725220040] time[3] tag[http#GET-/javascripts/src/com/main.js]
[2016-08-09T14:47:00+0800] [info] - start[1470725220041] time[7] tag[http#GET-/javascripts/src/home/index.js]
[2016-08-09T14:47:00+0800] [info] - start[1470725220140] time[2] tag[rpc#ProductFacade.getCategoryTree]
[2016-08-09T14:47:00+0800] [info] - start[1470725220139] time[14] tag[http#GET-/Home/SaveUtm]
[2016-08-09T14:47:00+0800] [info] - start[1470725220166] time[3] tag[http#GET-/javascripts/src/com/jquery-plugins.js]
[2016-08-09T14:47:00+0800] [info] - start[1470725220285] time[2] tag[http#GET-/javascripts/src/plugins/sub-menu.js]
[2016-08-09T14:47:00+0800] [info] - start[1470725220288] time[1] tag[http#GET-/javascripts/src/plugins/top-menu.js]
[2016-08-09T14:47:00+0800] [info] - start[1470725220363] time[1] tag[http#GET-/javascripts/src/plugins/fixed-tool-float.js]
[2016-08-09T14:47:00+0800] [info] - start[1470725220410] time[1] tag[http#GET-/javascripts/src/com/helper.js]
[2016-08-09T14:47:00+0800] [info] - start[1470725220467] time[2] tag[http#GET-/html/public/top-menu.html]
[2016-08-09T14:47:00+0800] [info] - start[1470725220468] time[2] tag[http#GET-/html/product/fixed-tool-float.html]
[2016-08-09T14:47:00+0800] [info] - start[1470725220510] time[5] tag[http#GET-/api/users/islogin]
[2016-08-09T14:47:00+0800] [info] - start[1470725220532] time[2] tag[http#GET-/api/shopping-cart/list]
[2016-08-09T14:47:03+0800] [info] - start[1470725223300] time[254] tag[rpc#ProductFacade.getInsuranceDetail]
[2016-08-09T14:47:03+0800] [info] - start[1470725223576] time[37] tag[rpc#ProductFacade.getFAQList]
[2016-08-09T14:47:03+0800] [info] - start[1470725223567] time[52] tag[rpc#ProductFacade.getProductAnalysisInfo]
[2016-08-09T14:47:03+0800] [info] - start[1470725223572] time[51] tag[rpc#ProductFacade.getSettlingExplainInfo]
[2016-08-09T14:47:03+0800] [info] - start[1470725223605] time[56] tag[rpc#ProductFacade.getProductGroupList]
[2016-08-09T14:47:03+0800] [info] - start[1470725223599] time[65] tag[rpc#ProductFacade.getSalePromotion]
[2016-08-09T14:47:03+0800] [info] - start[1470725223609] time[62] tag[rpc#ProductFacade.getProductInsureCase]
[2016-08-09T14:47:03+0800] [info] - start[1470725223590] time[150] tag[rpc#ProductFacade.getProductCommentList]
[2016-08-09T14:47:03+0800] [info] - start[1470725223580] time[164] tag[rpc#ProductFacade.getSatisfaction]
[2016-08-09T14:47:03+0800] [info] - start[1470725223595] time[157] tag[rpc#ProductFacade.getProductCommentList]
[2016-08-09T14:47:03+0800] [info] - start[1470725223586] time[179] tag[rpc#ProductFacade.getProductCommentList]
[2016-08-09T14:47:03+0800] [info] - start[1470725223563] time[206] tag[rpc#ProductFacade.getInsuranceDetailRight]
[2016-08-09T14:47:03+0800] [info] - start[1470725223559] time[279] tag[rpc#ProductFacade.getDefaultRestrictRule]
[2016-08-09T14:47:03+0800] [info] - start[1470725223853] time[2] tag[rpc#ProductFacade.getCategoryTree]
[2016-08-09T14:47:03+0800] [info] - start[1470725223295] time[599] tag[http#GET-/product/detail-0.html]
[2016-08-09T14:47:03+0800] [info] - start[1470725223969] time[6] tag[http#GET-/stylesheets/src/detail.css]
[2016-08-09T14:47:04+0800] [info] - start[1470725224022] time[2] tag[http#GET-/javascripts/src/config/requirejs-config.js]
[2016-08-09T14:47:04+0800] [info] - start[1470725224362] time[3] tag[http#GET-/javascripts/src/com/main.js]
[2016-08-09T14:47:04+0800] [info] - start[1470725224363] time[13] tag[http#GET-/javascripts/src/product/product.js]
[2016-08-09T14:47:04+0800] [info] - start[1470725224423] time[2] tag[http#GET-/javascripts/src/product/trial.js]
[2016-08-09T14:47:04+0800] [info] - start[1470725224463] time[4] tag[http#GET-/javascripts/src/com/helper.js]
[2016-08-09T14:47:04+0800] [info] - start[1470725224470] time[2] tag[rpc#ProductFacade.getCategoryTree]
[2016-08-09T14:47:04+0800] [info] - start[1470725224464] time[16] tag[http#GET-/Home/SaveUtm]
[2016-08-09T14:47:04+0800] [info] - start[1470725224463] time[18] tag[http#GET-/javascripts/src/product/detail.js]
[2016-08-09T14:47:04+0800] [info] - start[1470725224500] time[3] tag[http#GET-/javascripts/src/com/jquery-plugins.js]
[2016-08-09T14:47:04+0800] [info] - start[1470725224523] time[0] tag[http#GET-/javascripts/src/plugins/top-menu.js]
[2016-08-09T14:47:04+0800] [info] - start[1470725224547] time[4] tag[http#GET-/javascripts/src/com/animate-fly.js]
[2016-08-09T14:47:04+0800] [info] - start[1470725224553] time[3] tag[http#GET-/javascripts/src/product/trial-render.js]
[2016-08-09T14:47:04+0800] [info] - start[1470725224752] time[2] tag[http#GET-/javascripts/src/plugins/sub-menu.js]
[2016-08-09T14:47:04+0800] [info] - start[1470725224866] time[3] tag[http#GET-/api/users/islogin]
[2016-08-09T14:47:04+0800] [info] - start[1470725224874] time[27] tag[rpc#ProductFacade.getPolicyManageInfo]
[2016-08-09T14:47:04+0800] [info] - start[1470725224871] time[31] tag[http#GET-/api/products/:id/issuing-state]
[2016-08-09T14:47:04+0800] [info] - start[1470725224924] time[2] tag[http#GET-/javascripts/src/plugins/fixed-tool-float.js]
[2016-08-09T14:47:04+0800] [info] - start[1470725224954] time[2] tag[http#GET-/javascripts/src/plugins/fix-float.js]
[2016-08-09T14:47:04+0800] [info] - start[1470725224953] time[5] tag[http#GET-/javascripts/src/plugins/share-panel.js]
[2016-08-09T14:47:05+0800] [info] - start[1470725224998] time[3] tag[http#GET-/html/public/top-menu.html]
[2016-08-09T14:47:05+0800] [info] - start[1470725225006] time[2] tag[http#GET-/html/product/fixed-tool-float.html]
[2016-08-09T14:47:05+0800] [info] - start[1470725225005] time[4] tag[http#GET-/html/public/share-panel.html]
[2016-08-09T14:47:05+0800] [info] - start[1470725225027] time[1] tag[http#GET-/api/users/islogin]
[2016-08-09T14:47:05+0800] [info] - start[1470725225074] time[1] tag[http#GET-/api/shopping-cart/list]
[2016-08-09T14:47:05+0800] [info] - start[1470725225041] time[39] tag[http#GET-/api/products/:id/qrcode]
[2016-08-09T14:47:08+0800] [info] - start[1470725227979] time[234] tag[rpc#ProductFacade.getRestrictRule]
[2016-08-09T14:47:08+0800] [info] - start[1470725227855] time[361] tag[http#POST-/api/products/:id/restrict-rule]
[2016-08-09T14:47:09+0800] [info] - start[1470725229054] time[203] tag[rpc#ProductFacade.getRestrictRule]
[2016-08-09T14:47:09+0800] [info] - start[1470725229051] time[209] tag[http#POST-/api/products/:id/restrict-rule]
[2016-08-09T14:47:10+0800] [info] - start[1470725230132] time[198] tag[rpc#ProductFacade.getRestrictRule]
[2016-08-09T14:47:10+0800] [info] - start[1470725230128] time[205] tag[http#POST-/api/products/:id/restrict-rule]
[2016-08-09T14:47:11+0800] [info] - start[1470725231165] time[36] tag[rpc#ProductFacade.getRestrictRule]
[2016-08-09T14:47:11+0800] [info] - start[1470725231162] time[40] tag[http#POST-/api/products/:id/restrict-rule]
[2016-08-09T14:47:11+0800] [info] - start[1470725231907] time[39] tag[rpc#ProductFacade.getRestrictRule]
[2016-08-09T14:47:11+0800] [info] - start[1470725231902] time[45] tag[http#POST-/api/products/:id/restrict-rule]
[2016-08-09T14:57:32+0800] [info] - start[1470725852099] time[5] tag[http#GET-/stylesheets/src/detail.css]
[2016-08-09T14:57:32+0800] [info] - start[1470725852282] time[3] tag[http#GET-/stylesheets/src/detail.css.map]
